  Battle3.cpp
C:\Users\DELL\Desktop\개인 한달 프로젝트\소스코드\창세기전3\WinAPI\Battle3.cpp(148,20): warning C4244: '-=': 'float'에서 'int'(으)로 변환하면서 데이터가 손실될 수 있습니다.
C:\Users\DELL\Desktop\개인 한달 프로젝트\소스코드\창세기전3\WinAPI\Battle3.cpp(149,30): warning C4244: '인수': 'float'에서 'int'(으)로 변환하면서 데이터가 손실될 수 있습니다.
C:\Users\DELL\Desktop\개인 한달 프로젝트\소스코드\창세기전3\WinAPI\Battle3.cpp(152,35): warning C4244: '인수': 'float'에서 'int'(으)로 변환하면서 데이터가 손실될 수 있습니다.
C:\Users\DELL\Desktop\개인 한달 프로젝트\소스코드\창세기전3\WinAPI\Battle3.cpp(158,30): warning C4244: '-=': 'float'에서 'int'(으)로 변환하면서 데이터가 손실될 수 있습니다.
C:\Users\DELL\Desktop\개인 한달 프로젝트\소스코드\창세기전3\WinAPI\Battle3.cpp(165,20): warning C4244: '+=': 'float'에서 'int'(으)로 변환하면서 데이터가 손실될 수 있습니다.
C:\Users\DELL\Desktop\개인 한달 프로젝트\소스코드\창세기전3\WinAPI\Battle3.cpp(166,30): warning C4244: '인수': 'float'에서 'int'(으)로 변환하면서 데이터가 손실될 수 있습니다.
C:\Users\DELL\Desktop\개인 한달 프로젝트\소스코드\창세기전3\WinAPI\Battle3.cpp(169,35): warning C4244: '인수': 'float'에서 'int'(으)로 변환하면서 데이터가 손실될 수 있습니다.
C:\Users\DELL\Desktop\개인 한달 프로젝트\소스코드\창세기전3\WinAPI\Battle3.cpp(175,30): warning C4244: '+=': 'float'에서 'int'(으)로 변환하면서 데이터가 손실될 수 있습니다.
C:\Users\DELL\Desktop\개인 한달 프로젝트\소스코드\창세기전3\WinAPI\Battle3.cpp(182,20): warning C4244: '-=': 'float'에서 'int'(으)로 변환하면서 데이터가 손실될 수 있습니다.
C:\Users\DELL\Desktop\개인 한달 프로젝트\소스코드\창세기전3\WinAPI\Battle3.cpp(183,30): warning C4244: '인수': 'float'에서 'int'(으)로 변환하면서 데이터가 손실될 수 있습니다.
C:\Users\DELL\Desktop\개인 한달 프로젝트\소스코드\창세기전3\WinAPI\Battle3.cpp(186,35): warning C4244: '인수': 'float'에서 'int'(으)로 변환하면서 데이터가 손실될 수 있습니다.
C:\Users\DELL\Desktop\개인 한달 프로젝트\소스코드\창세기전3\WinAPI\Battle3.cpp(192,30): warning C4244: '-=': 'float'에서 'int'(으)로 변환하면서 데이터가 손실될 수 있습니다.
C:\Users\DELL\Desktop\개인 한달 프로젝트\소스코드\창세기전3\WinAPI\Battle3.cpp(199,20): warning C4244: '+=': 'float'에서 'int'(으)로 변환하면서 데이터가 손실될 수 있습니다.
C:\Users\DELL\Desktop\개인 한달 프로젝트\소스코드\창세기전3\WinAPI\Battle3.cpp(200,30): warning C4244: '인수': 'float'에서 'int'(으)로 변환하면서 데이터가 손실될 수 있습니다.
C:\Users\DELL\Desktop\개인 한달 프로젝트\소스코드\창세기전3\WinAPI\Battle3.cpp(203,35): warning C4244: '인수': 'float'에서 'int'(으)로 변환하면서 데이터가 손실될 수 있습니다.
C:\Users\DELL\Desktop\개인 한달 프로젝트\소스코드\창세기전3\WinAPI\Battle3.cpp(209,30): warning C4244: '+=': 'float'에서 'int'(으)로 변환하면서 데이터가 손실될 수 있습니다.
C:\Users\DELL\Desktop\개인 한달 프로젝트\소스코드\창세기전3\WinAPI\Battle3.cpp(220,21): warning C4244: '-=': 'float'에서 'int'(으)로 변환하면서 데이터가 손실될 수 있습니다.
C:\Users\DELL\Desktop\개인 한달 프로젝트\소스코드\창세기전3\WinAPI\Battle3.cpp(221,31): warning C4244: '인수': 'float'에서 'int'(으)로 변환하면서 데이터가 손실될 수 있습니다.
C:\Users\DELL\Desktop\개인 한달 프로젝트\소스코드\창세기전3\WinAPI\Battle3.cpp(224,36): warning C4244: '인수': 'float'에서 'int'(으)로 변환하면서 데이터가 손실될 수 있습니다.
C:\Users\DELL\Desktop\개인 한달 프로젝트\소스코드\창세기전3\WinAPI\Battle3.cpp(230,31): warning C4244: '-=': 'float'에서 'int'(으)로 변환하면서 데이터가 손실될 수 있습니다.
C:\Users\DELL\Desktop\개인 한달 프로젝트\소스코드\창세기전3\WinAPI\Battle3.cpp(238,21): warning C4244: '-=': 'float'에서 'int'(으)로 변환하면서 데이터가 손실될 수 있습니다.
C:\Users\DELL\Desktop\개인 한달 프로젝트\소스코드\창세기전3\WinAPI\Battle3.cpp(239,31): warning C4244: '인수': 'float'에서 'int'(으)로 변환하면서 데이터가 손실될 수 있습니다.
C:\Users\DELL\Desktop\개인 한달 프로젝트\소스코드\창세기전3\WinAPI\Battle3.cpp(242,36): warning C4244: '인수': 'float'에서 'int'(으)로 변환하면서 데이터가 손실될 수 있습니다.
C:\Users\DELL\Desktop\개인 한달 프로젝트\소스코드\창세기전3\WinAPI\Battle3.cpp(248,31): warning C4244: '-=': 'float'에서 'int'(으)로 변환하면서 데이터가 손실될 수 있습니다.
C:\Users\DELL\Desktop\개인 한달 프로젝트\소스코드\창세기전3\WinAPI\Battle3.cpp(256,21): warning C4244: '+=': 'float'에서 'int'(으)로 변환하면서 데이터가 손실될 수 있습니다.
C:\Users\DELL\Desktop\개인 한달 프로젝트\소스코드\창세기전3\WinAPI\Battle3.cpp(257,31): warning C4244: '인수': 'float'에서 'int'(으)로 변환하면서 데이터가 손실될 수 있습니다.
C:\Users\DELL\Desktop\개인 한달 프로젝트\소스코드\창세기전3\WinAPI\Battle3.cpp(260,36): warning C4244: '인수': 'float'에서 'int'(으)로 변환하면서 데이터가 손실될 수 있습니다.
C:\Users\DELL\Desktop\개인 한달 프로젝트\소스코드\창세기전3\WinAPI\Battle3.cpp(266,31): warning C4244: '+=': 'float'에서 'int'(으)로 변환하면서 데이터가 손실될 수 있습니다.
C:\Users\DELL\Desktop\개인 한달 프로젝트\소스코드\창세기전3\WinAPI\Battle3.cpp(288,32): warning C4244: '인수': 'float'에서 'int'(으)로 변환하면서 데이터가 손실될 수 있습니다.
C:\Users\DELL\Desktop\개인 한달 프로젝트\소스코드\창세기전3\WinAPI\Battle3.cpp(294,32): warning C4244: '인수': 'float'에서 'int'(으)로 변환하면서 데이터가 손실될 수 있습니다.
C:\Users\DELL\Desktop\개인 한달 프로젝트\소스코드\창세기전3\WinAPI\Battle3.cpp(300,32): warning C4244: '인수': 'float'에서 'int'(으)로 변환하면서 데이터가 손실될 수 있습니다.
C:\Users\DELL\Desktop\개인 한달 프로젝트\소스코드\창세기전3\WinAPI\Battle3.cpp(306,32): warning C4244: '인수': 'float'에서 'int'(으)로 변환하면서 데이터가 손실될 수 있습니다.
C:\Users\DELL\Desktop\개인 한달 프로젝트\소스코드\창세기전3\WinAPI\Battle3.cpp(360,37): warning C4244: '인수': 'float'에서 'int'(으)로 변환하면서 데이터가 손실될 수 있습니다.
C:\Users\DELL\Desktop\개인 한달 프로젝트\소스코드\창세기전3\WinAPI\Battle3.cpp(366,37): warning C4244: '인수': 'float'에서 'int'(으)로 변환하면서 데이터가 손실될 수 있습니다.
C:\Users\DELL\Desktop\개인 한달 프로젝트\소스코드\창세기전3\WinAPI\Battle3.cpp(372,37): warning C4244: '인수': 'float'에서 'int'(으)로 변환하면서 데이터가 손실될 수 있습니다.
C:\Users\DELL\Desktop\개인 한달 프로젝트\소스코드\창세기전3\WinAPI\Battle3.cpp(379,37): warning C4244: '인수': 'float'에서 'int'(으)로 변환하면서 데이터가 손실될 수 있습니다.
C:\Users\DELL\Desktop\개인 한달 프로젝트\소스코드\창세기전3\WinAPI\Battle3.cpp(462,23): warning C4244: '-=': 'float'에서 'int'(으)로 변환하면서 데이터가 손실될 수 있습니다.
C:\Users\DELL\Desktop\개인 한달 프로젝트\소스코드\창세기전3\WinAPI\Battle3.cpp(463,33): warning C4244: '인수': 'float'에서 'int'(으)로 변환하면서 데이터가 손실될 수 있습니다.
C:\Users\DELL\Desktop\개인 한달 프로젝트\소스코드\창세기전3\WinAPI\Battle3.cpp(466,38): warning C4244: '인수': 'float'에서 'int'(으)로 변환하면서 데이터가 손실될 수 있습니다.
C:\Users\DELL\Desktop\개인 한달 프로젝트\소스코드\창세기전3\WinAPI\Battle3.cpp(472,33): warning C4244: '-=': 'float'에서 'int'(으)로 변환하면서 데이터가 손실될 수 있습니다.
C:\Users\DELL\Desktop\개인 한달 프로젝트\소스코드\창세기전3\WinAPI\Battle3.cpp(478,23): warning C4244: '+=': 'float'에서 'int'(으)로 변환하면서 데이터가 손실될 수 있습니다.
C:\Users\DELL\Desktop\개인 한달 프로젝트\소스코드\창세기전3\WinAPI\Battle3.cpp(479,33): warning C4244: '인수': 'float'에서 'int'(으)로 변환하면서 데이터가 손실될 수 있습니다.
C:\Users\DELL\Desktop\개인 한달 프로젝트\소스코드\창세기전3\WinAPI\Battle3.cpp(482,38): warning C4244: '인수': 'float'에서 'int'(으)로 변환하면서 데이터가 손실될 수 있습니다.
C:\Users\DELL\Desktop\개인 한달 프로젝트\소스코드\창세기전3\WinAPI\Battle3.cpp(488,33): warning C4244: '+=': 'float'에서 'int'(으)로 변환하면서 데이터가 손실될 수 있습니다.
C:\Users\DELL\Desktop\개인 한달 프로젝트\소스코드\창세기전3\WinAPI\Battle3.cpp(496,23): warning C4244: '-=': 'float'에서 'int'(으)로 변환하면서 데이터가 손실될 수 있습니다.
C:\Users\DELL\Desktop\개인 한달 프로젝트\소스코드\창세기전3\WinAPI\Battle3.cpp(497,33): warning C4244: '인수': 'float'에서 'int'(으)로 변환하면서 데이터가 손실될 수 있습니다.
C:\Users\DELL\Desktop\개인 한달 프로젝트\소스코드\창세기전3\WinAPI\Battle3.cpp(500,38): warning C4244: '인수': 'float'에서 'int'(으)로 변환하면서 데이터가 손실될 수 있습니다.
C:\Users\DELL\Desktop\개인 한달 프로젝트\소스코드\창세기전3\WinAPI\Battle3.cpp(506,33): warning C4244: '-=': 'float'에서 'int'(으)로 변환하면서 데이터가 손실될 수 있습니다.
C:\Users\DELL\Desktop\개인 한달 프로젝트\소스코드\창세기전3\WinAPI\Battle3.cpp(512,23): warning C4244: '+=': 'float'에서 'int'(으)로 변환하면서 데이터가 손실될 수 있습니다.
C:\Users\DELL\Desktop\개인 한달 프로젝트\소스코드\창세기전3\WinAPI\Battle3.cpp(513,33): warning C4244: '인수': 'float'에서 'int'(으)로 변환하면서 데이터가 손실될 수 있습니다.
C:\Users\DELL\Desktop\개인 한달 프로젝트\소스코드\창세기전3\WinAPI\Battle3.cpp(516,38): warning C4244: '인수': 'float'에서 'int'(으)로 변환하면서 데이터가 손실될 수 있습니다.
C:\Users\DELL\Desktop\개인 한달 프로젝트\소스코드\창세기전3\WinAPI\Battle3.cpp(522,33): warning C4244: '+=': 'float'에서 'int'(으)로 변환하면서 데이터가 손실될 수 있습니다.
C:\Users\DELL\Desktop\개인 한달 프로젝트\소스코드\창세기전3\WinAPI\Battle3.cpp(544,22): warning C4244: '-=': 'float'에서 'int'(으)로 변환하면서 데이터가 손실될 수 있습니다.
C:\Users\DELL\Desktop\개인 한달 프로젝트\소스코드\창세기전3\WinAPI\Battle3.cpp(545,32): warning C4244: '인수': 'float'에서 'int'(으)로 변환하면서 데이터가 손실될 수 있습니다.
C:\Users\DELL\Desktop\개인 한달 프로젝트\소스코드\창세기전3\WinAPI\Battle3.cpp(548,37): warning C4244: '인수': 'float'에서 'int'(으)로 변환하면서 데이터가 손실될 수 있습니다.
C:\Users\DELL\Desktop\개인 한달 프로젝트\소스코드\창세기전3\WinAPI\Battle3.cpp(554,32): warning C4244: '-=': 'float'에서 'int'(으)로 변환하면서 데이터가 손실될 수 있습니다.
C:\Users\DELL\Desktop\개인 한달 프로젝트\소스코드\창세기전3\WinAPI\Battle3.cpp(560,22): warning C4244: '+=': 'float'에서 'int'(으)로 변환하면서 데이터가 손실될 수 있습니다.
C:\Users\DELL\Desktop\개인 한달 프로젝트\소스코드\창세기전3\WinAPI\Battle3.cpp(561,32): warning C4244: '인수': 'float'에서 'int'(으)로 변환하면서 데이터가 손실될 수 있습니다.
C:\Users\DELL\Desktop\개인 한달 프로젝트\소스코드\창세기전3\WinAPI\Battle3.cpp(564,37): warning C4244: '인수': 'float'에서 'int'(으)로 변환하면서 데이터가 손실될 수 있습니다.
C:\Users\DELL\Desktop\개인 한달 프로젝트\소스코드\창세기전3\WinAPI\Battle3.cpp(570,32): warning C4244: '+=': 'float'에서 'int'(으)로 변환하면서 데이터가 손실될 수 있습니다.
C:\Users\DELL\Desktop\개인 한달 프로젝트\소스코드\창세기전3\WinAPI\Battle3.cpp(578,22): warning C4244: '-=': 'float'에서 'int'(으)로 변환하면서 데이터가 손실될 수 있습니다.
C:\Users\DELL\Desktop\개인 한달 프로젝트\소스코드\창세기전3\WinAPI\Battle3.cpp(579,32): warning C4244: '인수': 'float'에서 'int'(으)로 변환하면서 데이터가 손실될 수 있습니다.
C:\Users\DELL\Desktop\개인 한달 프로젝트\소스코드\창세기전3\WinAPI\Battle3.cpp(582,37): warning C4244: '인수': 'float'에서 'int'(으)로 변환하면서 데이터가 손실될 수 있습니다.
C:\Users\DELL\Desktop\개인 한달 프로젝트\소스코드\창세기전3\WinAPI\Battle3.cpp(588,32): warning C4244: '-=': 'float'에서 'int'(으)로 변환하면서 데이터가 손실될 수 있습니다.
C:\Users\DELL\Desktop\개인 한달 프로젝트\소스코드\창세기전3\WinAPI\Battle3.cpp(594,22): warning C4244: '+=': 'float'에서 'int'(으)로 변환하면서 데이터가 손실될 수 있습니다.
C:\Users\DELL\Desktop\개인 한달 프로젝트\소스코드\창세기전3\WinAPI\Battle3.cpp(595,32): warning C4244: '인수': 'float'에서 'int'(으)로 변환하면서 데이터가 손실될 수 있습니다.
C:\Users\DELL\Desktop\개인 한달 프로젝트\소스코드\창세기전3\WinAPI\Battle3.cpp(598,37): warning C4244: '인수': 'float'에서 'int'(으)로 변환하면서 데이터가 손실될 수 있습니다.
C:\Users\DELL\Desktop\개인 한달 프로젝트\소스코드\창세기전3\WinAPI\Battle3.cpp(604,32): warning C4244: '+=': 'float'에서 'int'(으)로 변환하면서 데이터가 손실될 수 있습니다.
C:\Users\DELL\Desktop\개인 한달 프로젝트\소스코드\창세기전3\WinAPI\Battle3.cpp(1297,102): warning C4312: '형식 캐스트': 'int'에서 더 큰 'char *'(으)로의 변환입니다.
C:\Users\DELL\Desktop\개인 한달 프로젝트\소스코드\창세기전3\WinAPI\Battle3.cpp(1299,92): warning C4312: '형식 캐스트': 'int'에서 더 큰 'char *'(으)로의 변환입니다.
C:\Users\DELL\Desktop\개인 한달 프로젝트\소스코드\창세기전3\WinAPI\Battle3.cpp(1300,92): warning C4312: '형식 캐스트': 'int'에서 더 큰 'char *'(으)로의 변환입니다.
C:\Users\DELL\Desktop\개인 한달 프로젝트\소스코드\창세기전3\WinAPI\Battle3.cpp(1337,139): warning C4312: '형식 캐스트': 'int'에서 더 큰 'char *'(으)로의 변환입니다.
C:\Users\DELL\Desktop\개인 한달 프로젝트\소스코드\창세기전3\WinAPI\Battle3.cpp(1338,139): warning C4312: '형식 캐스트': 'int'에서 더 큰 'char *'(으)로의 변환입니다.
json_vc71_libmtd.lib(json_reader.obj) : warning LNK4099: 'lib_json.pdb' PDB를 'json_vc71_libmtd.lib(json_reader.obj)' 또는 'C:\Users\DELL\Desktop\개인 한달 프로젝트\소스코드\창세기전3\x64\Debug\lib_json.pdb'에서 찾을 수 없습니다. 디버그 정보가 없는 것처럼 개체를 링크합니다.
json_vc71_libmtd.lib(json_value.obj) : warning LNK4099: 'lib_json.pdb' PDB를 'json_vc71_libmtd.lib(json_value.obj)' 또는 'C:\Users\DELL\Desktop\개인 한달 프로젝트\소스코드\창세기전3\x64\Debug\lib_json.pdb'에서 찾을 수 없습니다. 디버그 정보가 없는 것처럼 개체를 링크합니다.
json_vc71_libmtd.lib(json_writer.obj) : warning LNK4099: 'lib_json.pdb' PDB를 'json_vc71_libmtd.lib(json_writer.obj)' 또는 'C:\Users\DELL\Desktop\개인 한달 프로젝트\소스코드\창세기전3\x64\Debug\lib_json.pdb'에서 찾을 수 없습니다. 디버그 정보가 없는 것처럼 개체를 링크합니다.
  WinAPI.vcxproj -> C:\Users\DELL\Desktop\개인 한달 프로젝트\소스코드\창세기전3\x64\Debug\WinAPI.exe
